<?xml version="1.0" encoding="UTF-8"?>
<coverage generated="1786451890341" clover="3.2.0">
  <project timestamp="1786451890342" name="All files">
    <metrics statements="25" coveredstatements="25" conditionals="10" coveredconditionals="10" methods="12" coveredmethods="12" elements="47" coveredelements="47" complexity="0" loc="25" ncloc="25" packages="2" files="5" classes="5"/>
    <package name="src">
      <metrics statements="7" coveredstatements="7" conditionals="0" coveredconditionals="0" methods="3" coveredmethods="3"/>
      <file name="App.jsx" path="/home/gachomocaleb/projects/assignments1/reacthooks/lab-react-hooks-state/src/App.jsx">
        <metrics statements="7" coveredstatements="7" conditionals="0" coveredconditionals="0" methods="3" coveredmethods="3"/>
        <line num="6" count="1" type="stmt"/>
        <line num="7" count="10" type="stmt"/>
        <line num="8" count="10" type="stmt"/>
        <line num="9" count="10" type="stmt"/>
        <line num="15" count="10" type="stmt"/>
        <line num="33" count="2" type="stmt"/>
        <line num="41" count="2" type="stmt"/>
      </file>
    </package>
    <package name="src.components">
      <metrics statements="18" coveredstatements="18" conditionals="10" coveredconditionals="10" methods="9" coveredmethods="9"/>
      <file name="Cart.jsx" path="/home/gachomocaleb/projects/assignments1/reacthooks/lab-react-hooks-state/src/components/Cart.jsx">
        <metrics statements="3" coveredstatements="3" conditionals="0" coveredconditionals="0" methods="2" coveredmethods="2"/>
        <line num="3" count="1" type="stmt"/>
        <line num="4" count="10" type="stmt"/>
        <line num="10" count="3" type="stmt"/>
      </file>
      <file name="DarkModeToggle.jsx" path="/home/gachomocaleb/projects/assignments1/reacthooks/lab-react-hooks-state/src/components/DarkModeToggle.jsx">
        <metrics statements="4" coveredstatements="4" conditionals="2" coveredconditionals="2" methods="2" coveredmethods="2"/>
        <line num="3" count="1" type="stmt"/>
        <line num="4" count="10" type="stmt"/>
        <line num="5" count="2" type="stmt"/>
        <line num="8" count="10" type="stmt"/>
      </file>
      <file name="ProductCard.jsx" path="/home/gachomocaleb/projects/assignments1/reacthooks/lab-react-hooks-state/src/components/ProductCard.jsx">
        <metrics statements="3" coveredstatements="3" conditionals="4" coveredconditionals="4" methods="2" coveredmethods="2"/>
        <line num="4" count="1" type="stmt"/>
        <line num="5" count="17" type="stmt"/>
        <line num="16" count="2" type="stmt"/>
      </file>
      <file name="ProductList.jsx" path="/home/gachomocaleb/projects/assignments1/reacthooks/lab-react-hooks-state/src/components/ProductList.jsx">
        <metrics statements="8" coveredstatements="8" conditionals="4" coveredconditionals="4" methods="3" coveredmethods="3"/>
        <line num="5" count="1" type="stmt"/>
        <line num="10" count="1" type="stmt"/>
        <line num="11" count="10" type="stmt"/>
        <line num="12" count="20" type="cond" truecount="2" falsecount="0"/>
        <line num="13" count="16" type="stmt"/>
        <line num="15" count="4" type="stmt"/>
        <line num="18" count="10" type="stmt"/>
        <line num="27" count="17" type="stmt"/>
      </file>
    </package>
  </project>
</coverage>
