{"/home/gachomocaleb/projects/assignments1/reacthooks/lab-react-hooks-state/src/App.jsx": {"path":"/home/gachomocaleb/projects/assignments1/reacthooks/lab-react-hooks-state/src/App.jsx","statementMap":{"0":{"start":{"line":6,"column":12},"end":{"line":50,"column":1}},"1":{"start":{"line":7,"column":34},"end":{"line":7,"column":49}},"2":{"start":{"line":8,"column":36},"end":{"line":8,"column":48}},"3":{"start":{"line":9,"column":34},"end":{"line":9,"column":49}},"4":{"start":{"line":15,"column":2},"end":{"line":49,"column":3}},"5":{"start":{"line":33,"column":21},"end":{"line":33,"column":52}},"6":{"start":{"line":41,"column":32},"end":{"line":41,"column":69}}},"fnMap":{"0":{"name":"(anonymous_0)","decl":{"start":{"line":6,"column":12},"end":{"line":6,"column":13}},"loc":{"start":{"line":6,"column":18},"end":{"line":50,"column":1}},"line":6},"1":{"name":"(anonymous_1)","decl":{"start":{"line":33,"column":10},"end":{"line":33,"column":11}},"loc":{"start":{"line":33,"column":21},"end":{"line":33,"column":52}},"line":33},"2":{"name":"(anonymous_2)","decl":{"start":{"line":41,"column":19},"end":{"line":41,"column":20}},"loc":{"start":{"line":41,"column":32},"end":{"line":41,"column":69}},"line":41}},"branchMap":{},"s":{"0":1,"1":10,"2":10,"3":10,"4":10,"5":2,"6":2},"f":{"0":10,"1":2,"2":2},"b":{},"_coverageSchema":"1a1c01bbd47fc00a2c39e90264f33305004495a9","hash":"d1478ad0b2cfa973f3970f8a0ab06f93af3f385a"}
,"/home/gachomocaleb/projects/assignments1/reacthooks/lab-react-hooks-state/src/components/Cart.jsx": {"path":"/home/gachomocaleb/projects/assignments1/reacthooks/lab-react-hooks-state/src/components/Cart.jsx","statementMap":{"0":{"start":{"line":3,"column":13},"end":{"line":15,"column":1}},"1":{"start":{"line":4,"column":2},"end":{"line":14,"column":3}},"2":{"start":{"line":10,"column":10},"end":{"line":10,"column":59}}},"fnMap":{"0":{"name":"(anonymous_0)","decl":{"start":{"line":3,"column":13},"end":{"line":3,"column":14}},"loc":{"start":{"line":3,"column":32},"end":{"line":15,"column":1}},"line":3},"1":{"name":"(anonymous_1)","decl":{"start":{"line":9,"column":23},"end":{"line":9,"column":24}},"loc":{"start":{"line":10,"column":10},"end":{"line":10,"column":59}},"line":10}},"branchMap":{},"s":{"0":1,"1":10,"2":3},"f":{"0":10,"1":3},"b":{},"_coverageSchema":"1a1c01bbd47fc00a2c39e90264f33305004495a9","hash":"465ee7bdbfebd18e27b0ad6355b95bd3f06acfdf"}
,"/home/gachomocaleb/projects/assignments1/reacthooks/lab-react-hooks-state/src/components/DarkModeToggle.jsx": {"path":"/home/gachomocaleb/projects/assignments1/reacthooks/lab-react-hooks-state/src/components/DarkModeToggle.jsx","statementMap":{"0":{"start":{"line":3,"column":23},"end":{"line":13,"column":1}},"1":{"start":{"line":4,"column":22},"end":{"line":6,"column":3}},"2":{"start":{"line":5,"column":4},"end":{"line":5,"column":26}},"3":{"start":{"line":8,"column":2},"end":{"line":12,"column":3}}},"fnMap":{"0":{"name":"(anonymous_0)","decl":{"start":{"line":3,"column":23},"end":{"line":3,"column":24}},"loc":{"start":{"line":3,"column":54},"end":{"line":13,"column":1}},"line":3},"1":{"name":"(anonymous_1)","decl":{"start":{"line":4,"column":22},"end":{"line":4,"column":23}},"loc":{"start":{"line":4,"column":28},"end":{"line":6,"column":3}},"line":4}},"branchMap":{"0":{"loc":{"start":{"line":10,"column":17},"end":{"line":10,"column":54}},"type":"cond-expr","locations":[{"start":{"line":10,"column":28},"end":{"line":10,"column":40}},{"start":{"line":10,"column":43},"end":{"line":10,"column":54}}],"line":10}},"s":{"0":1,"1":10,"2":2,"3":10},"f":{"0":10,"1":2},"b":{"0":[1,9]},"_coverageSchema":"1a1c01bbd47fc00a2c39e90264f33305004495a9","hash":"b75ec2f9212300755ac77ee17d5841bd7f5aacd4"}
,"/home/gachomocaleb/projects/assignments1/reacthooks/lab-react-hooks-state/src/components/ProductCard.jsx": {"path":"/home/gachomocaleb/projects/assignments1/reacthooks/lab-react-hooks-state/src/components/ProductCard.jsx","statementMap":{"0":{"start":{"line":4,"column":20},"end":{"line":22,"column":1}},"1":{"start":{"line":5,"column":2},"end":{"line":21,"column":3}},"2":{"start":{"line":16,"column":23},"end":{"line":16,"column":41}}},"fnMap":{"0":{"name":"(anonymous_0)","decl":{"start":{"line":4,"column":20},"end":{"line":4,"column":21}},"loc":{"start":{"line":4,"column":48},"end":{"line":22,"column":1}},"line":4},"1":{"name":"(anonymous_1)","decl":{"start":{"line":16,"column":17},"end":{"line":16,"column":18}},"loc":{"start":{"line":16,"column":23},"end":{"line":16,"column":41}},"line":16}},"branchMap":{"0":{"loc":{"start":{"line":7,"column":35},"end":{"line":7,"column":76}},"type":"cond-expr","locations":[{"start":{"line":7,"column":54},"end":{"line":7,"column":71}},{"start":{"line":7,"column":74},"end":{"line":7,"column":76}}],"line":7},"1":{"loc":{"start":{"line":11,"column":18},"end":{"line":11,"column":63}},"type":"cond-expr","locations":[{"start":{"line":11,"column":36},"end":{"line":11,"column":46}},{"start":{"line":11,"column":49},"end":{"line":11,"column":63}}],"line":11}},"s":{"0":1,"1":17,"2":2},"f":{"0":17,"1":2},"b":{"0":[8,9],"1":[9,8]},"_coverageSchema":"1a1c01bbd47fc00a2c39e90264f33305004495a9","hash":"984514d04e41097afbf18927bd3d4becaffb8351"}
,"/home/gachomocaleb/projects/assignments1/reacthooks/lab-react-hooks-state/src/components/ProductList.jsx": {"path":"/home/gachomocaleb/projects/assignments1/reacthooks/lab-react-hooks-state/src/components/ProductList.jsx","statementMap":{"0":{"start":{"line":5,"column":30},"end":{"line":8,"column":1}},"1":{"start":{"line":10,"column":20},"end":{"line":37,"column":1}},"2":{"start":{"line":11,"column":27},"end":{"line":16,"column":4}},"3":{"start":{"line":12,"column":4},"end":{"line":14,"column":5}},"4":{"start":{"line":13,"column":6},"end":{"line":13,"column":17}},"5":{"start":{"line":15,"column":4},"end":{"line":15,"column":40}},"6":{"start":{"line":18,"column":2},"end":{"line":36,"column":3}},"7":{"start":{"line":27,"column":10},"end":{"line":31,"column":12}}},"fnMap":{"0":{"name":"(anonymous_0)","decl":{"start":{"line":10,"column":20},"end":{"line":10,"column":21}},"loc":{"start":{"line":10,"column":49},"end":{"line":37,"column":1}},"line":10},"1":{"name":"(anonymous_1)","decl":{"start":{"line":11,"column":49},"end":{"line":11,"column":50}},"loc":{"start":{"line":11,"column":62},"end":{"line":16,"column":3}},"line":11},"2":{"name":"(anonymous_2)","decl":{"start":{"line":26,"column":29},"end":{"line":26,"column":30}},"loc":{"start":{"line":27,"column":10},"end":{"line":31,"column":12}},"line":27}},"branchMap":{"0":{"loc":{"start":{"line":12,"column":4},"end":{"line":14,"column":5}},"type":"if","locations":[{"start":{"line":12,"column":4},"end":{"line":14,"column":5}},{"start":{},"end":{}}],"line":12},"1":{"loc":{"start":{"line":23,"column":7},"end":{"line":33,"column":7}},"type":"cond-expr","locations":[{"start":{"line":24,"column":8},"end":{"line":24,"column":36}},{"start":{"line":26,"column":8},"end":{"line":32,"column":10}}],"line":23}},"s":{"0":1,"1":1,"2":10,"3":20,"4":16,"5":4,"6":10,"7":17},"f":{"0":10,"1":20,"2":17},"b":{"0":[16,4],"1":[1,9]},"_coverageSchema":"1a1c01bbd47fc00a2c39e90264f33305004495a9","hash":"000bac74b859c677f99e41b58cf2a4dd5c9bd5ca"}
}
