TN:
SF:src/App.jsx
FN:6,(anonymous_0)
FN:33,(anonymous_1)
FN:41,(anonymous_2)
FNF:3
FNH:3
FNDA:10,(anonymous_0)
FNDA:2,(anonymous_1)
FNDA:2,(anonymous_2)
DA:6,1
DA:7,10
DA:8,10
DA:9,10
DA:15,10
DA:33,2
DA:41,2
LF:7
LH:7
BRF:0
BRH:0
end_of_record
TN:
SF:src/components/Cart.jsx
FN:3,(anonymous_0)
FN:9,(anonymous_1)
FNF:2
FNH:2
FNDA:10,(anonymous_0)
FNDA:3,(anonymous_1)
DA:3,1
DA:4,10
DA:10,3
LF:3
LH:3
BRF:0
BRH:0
end_of_record
TN:
SF:src/components/DarkModeToggle.jsx
FN:3,(anonymous_0)
FN:4,(anonymous_1)
FNF:2
FNH:2
FNDA:10,(anonymous_0)
FNDA:2,(anonymous_1)
DA:3,1
DA:4,10
DA:5,2
DA:8,10
LF:4
LH:4
BRDA:10,0,0,1
BRDA:10,0,1,9
BRF:2
BRH:2
end_of_record
TN:
SF:src/components/ProductCard.jsx
FN:4,(anonymous_0)
FN:16,(anonymous_1)
FNF:2
FNH:2
FNDA:17,(anonymous_0)
FNDA:2,(anonymous_1)
DA:4,1
DA:5,17
DA:16,2
LF:3
LH:3
BRDA:7,0,0,8
BRDA:7,0,1,9
BRDA:11,1,0,9
BRDA:11,1,1,8
BRF:4
BRH:4
end_of_record
TN:
SF:src/components/ProductList.jsx
FN:10,(anonymous_0)
FN:11,(anonymous_1)
FN:26,(anonymous_2)
FNF:3
FNH:3
FNDA:10,(anonymous_0)
FNDA:20,(anonymous_1)
FNDA:17,(anonymous_2)
DA:5,1
DA:10,1
DA:11,10
DA:12,20
DA:13,16
DA:15,4
DA:18,10
DA:27,17
LF:8
LH:8
BRDA:12,0,0,16
BRDA:12,0,1,4
BRDA:23,1,0,1
BRDA:23,1,1,9
BRF:4
BRH:4
end_of_record
